
*** Running vivado
    with args -log adder_16bit.vds -m64 -product Vivado -mode batch -messageDb vivado.pb -notrace -source adder_16bit.tcl



****** Vivado v2024.2 (64-bit)
  **** SW Build 5239630 on Fri Nov 08 22:35:27 MST 2024
  **** IP Build 5239520 on Sun Nov 10 16:12:51 MST 2024
  **** SharedData Build 5239561 on Fri Nov 08 14:39:27 MST 2024
  **** Start of session at: Sun Dec  7 12:10:48 2025
    ** Copyright 1986-2022 Xilinx, Inc. All Rights Reserved.
    ** Copyright 2022-2024 Advanced Micro Devices, Inc. All Rights Reserved.

source adder_16bit.tcl -notrace
Command: synth_design -top adder_16bit -part xc7k70tfbv676-1
Starting synth_design
Attempting to get a license for feature 'Synthesis' and/or device 'xc7k70t'
INFO: [Common 17-349] Got license for feature 'Synthesis' and/or device 'xc7k70t'
INFO: [Synth 8-7079] Multithreading enabled for synth_design using a maximum of 2 processes.
INFO: [Synth 8-7078] Launching helper process for spawning children vivado processes
INFO: [Synth 8-7075] Helper process launched with PID 9260
---------------------------------------------------------------------------------
Starting Synthesize : Time (s): cpu = 00:00:08 ; elapsed = 00:00:09 . Memory (MB): peak = 845.703 ; gain = 477.996
---------------------------------------------------------------------------------
INFO: [Synth 8-638] synthesizing module 'adder_16bit' [C:/Ambu demure/Vivado Projects/16 bit CLA adder/project_1/project_1.srcs/sources_1/new/adder_16bit.vhd:16]
INFO: [Synth 8-638] synthesizing module 'adder_4bit' [C:/Ambu demure/Vivado Projects/16 bit CLA adder/project_1/project_1.srcs/sources_1/new/adder_4bit.vhd:18]
INFO: [Synth 8-638] synthesizing module 'fa_1bit' [C:/Ambu demure/Vivado Projects/16 bit CLA adder/project_1/project_1.srcs/sources_1/new/fa_1bit.vhd:17]
INFO: [Synth 8-256] done synthesizing module 'fa_1bit' (0#1) [C:/Ambu demure/Vivado Projects/16 bit CLA adder/project_1/project_1.srcs/sources_1/new/fa_1bit.vhd:17]
INFO: [Synth 8-638] synthesizing module 'cla_4bit' [C:/Ambu demure/Vivado Projects/16 bit CLA adder/project_1/project_1.srcs/sources_1/new/cla_4bit.vhd:17]
INFO: [Synth 8-256] done synthesizing module 'cla_4bit' (0#1) [C:/Ambu demure/Vivado Projects/16 bit CLA adder/project_1/project_1.srcs/sources_1/new/cla_4bit.vhd:17]
INFO: [Synth 8-256] done synthesizing module 'adder_4bit' (0#1) [C:/Ambu demure/Vivado Projects/16 bit CLA adder/project_1/project_1.srcs/sources_1/new/adder_4bit.vhd:18]
INFO: [Synth 8-256] done synthesizing module 'adder_16bit' (0#1) [C:/Ambu demure/Vivado Projects/16 bit CLA adder/project_1/project_1.srcs/sources_1/new/adder_16bit.vhd:16]
---------------------------------------------------------------------------------
Finished Synthesize : Time (s): cpu = 00:00:10 ; elapsed = 00:00:12 . Memory (MB): peak = 950.840 ; gain = 583.133
---------------------------------------------------------------------------------
---------------------------------------------------------------------------------
Finished Constraint Validation : Time (s): cpu = 00:00:11 ; elapsed = 00:00:13 . Memory (MB): peak = 950.840 ; gain = 583.133
---------------------------------------------------------------------------------
---------------------------------------------------------------------------------
Start Loading Part and Timing Information
---------------------------------------------------------------------------------
Loading part: xc7k70tfbv676-1
INFO: [Device 21-403] Loading part xc7k70tfbv676-1
---------------------------------------------------------------------------------
Finished Loading Part and Timing Information : Time (s): cpu = 00:00:11 ; elapsed = 00:00:13 . Memory (MB): peak = 950.840 ; gain = 583.133
---------------------------------------------------------------------------------
---------------------------------------------------------------------------------
Finished RTL Optimization Phase 2 : Time (s): cpu = 00:00:11 ; elapsed = 00:00:13 . Memory (MB): peak = 950.840 ; gain = 583.133
---------------------------------------------------------------------------------
No constraint files found.
---------------------------------------------------------------------------------
Start RTL Component Statistics 
---------------------------------------------------------------------------------
Detailed RTL Component Info : 
+---XORs : 
	   2 Input      1 Bit         XORs := 32    
---------------------------------------------------------------------------------
Finished RTL Component Statistics 
---------------------------------------------------------------------------------
---------------------------------------------------------------------------------
Start Part Resource Summary
---------------------------------------------------------------------------------
Part Resources:
DSPs: 240 (col length:80)
BRAMs: 270 (col length: RAMB18 80 RAMB36 40)
---------------------------------------------------------------------------------
Finished Part Resource Summary
---------------------------------------------------------------------------------
No constraint files found.
---------------------------------------------------------------------------------
Start Cross Boundary and Area Optimization
---------------------------------------------------------------------------------
WARNING: [Synth 8-7080] Parallel synthesis criteria is not met
---------------------------------------------------------------------------------
Finished Cross Boundary and Area Optimization : Time (s): cpu = 00:00:17 ; elapsed = 00:00:36 . Memory (MB): peak = 1138.625 ; gain = 770.918
---------------------------------------------------------------------------------
No constraint files found.
---------------------------------------------------------------------------------
Start Timing Optimization
---------------------------------------------------------------------------------
---------------------------------------------------------------------------------
Finished Timing Optimization : Time (s): cpu = 00:00:17 ; elapsed = 00:00:37 . Memory (MB): peak = 1138.625 ; gain = 770.918
---------------------------------------------------------------------------------
---------------------------------------------------------------------------------
Start Technology Mapping
---------------------------------------------------------------------------------
---------------------------------------------------------------------------------
Finished Technology Mapping : Time (s): cpu = 00:00:17 ; elapsed = 00:00:37 . Memory (MB): peak = 1138.625 ; gain = 770.918
---------------------------------------------------------------------------------
---------------------------------------------------------------------------------
Start IO Insertion
---------------------------------------------------------------------------------
---------------------------------------------------------------------------------
Start Flattening Before IO Insertion
---------------------------------------------------------------------------------
---------------------------------------------------------------------------------
Finished Flattening Before IO Insertion
---------------------------------------------------------------------------------
---------------------------------------------------------------------------------
Start Final Netlist Cleanup
---------------------------------------------------------------------------------
---------------------------------------------------------------------------------
Finished Final Netlist Cleanup
---------------------------------------------------------------------------------
---------------------------------------------------------------------------------
Finished IO Insertion : Time (s): cpu = 00:00:22 ; elapsed = 00:00:42 . Memory (MB): peak = 1328.410 ; gain = 960.703
---------------------------------------------------------------------------------
---------------------------------------------------------------------------------
Start Renaming Generated Instances
---------------------------------------------------------------------------------
---------------------------------------------------------------------------------
Finished Renaming Generated Instances : Time (s): cpu = 00:00:22 ; elapsed = 00:00:42 . Memory (MB): peak = 1328.410 ; gain = 960.703
---------------------------------------------------------------------------------
---------------------------------------------------------------------------------
Start Rebuilding User Hierarchy
---------------------------------------------------------------------------------
---------------------------------------------------------------------------------
Finished Rebuilding User Hierarchy : Time (s): cpu = 00:00:22 ; elapsed = 00:00:42 . Memory (MB): peak = 1328.410 ; gain = 960.703
---------------------------------------------------------------------------------
---------------------------------------------------------------------------------
Start Renaming Generated Ports
---------------------------------------------------------------------------------
---------------------------------------------------------------------------------
Finished Renaming Generated Ports : Time (s): cpu = 00:00:22 ; elapsed = 00:00:42 . Memory (MB): peak = 1328.410 ; gain = 960.703
---------------------------------------------------------------------------------
---------------------------------------------------------------------------------
Start Handling Custom Attributes
---------------------------------------------------------------------------------
---------------------------------------------------------------------------------
Finished Handling Custom Attributes : Time (s): cpu = 00:00:22 ; elapsed = 00:00:42 . Memory (MB): peak = 1328.410 ; gain = 960.703
---------------------------------------------------------------------------------
---------------------------------------------------------------------------------
Start Renaming Generated Nets
---------------------------------------------------------------------------------
---------------------------------------------------------------------------------
Finished Renaming Generated Nets : Time (s): cpu = 00:00:22 ; elapsed = 00:00:42 . Memory (MB): peak = 1328.410 ; gain = 960.703
---------------------------------------------------------------------------------
---------------------------------------------------------------------------------
Start Writing Synthesis Report
---------------------------------------------------------------------------------

Report BlackBoxes: 
+-+--------------+----------+
| |BlackBox name |Instances |
+-+--------------+----------+
+-+--------------+----------+

Report Cell Usage: 
+------+-----+------+
|      |Cell |Count |
+------+-----+------+
|1     |LUT2 |    10|
|2     |LUT3 |     9|
|3     |LUT4 |     5|
|4     |LUT5 |     7|
|5     |LUT6 |    15|
|6     |IBUF |    33|
|7     |OBUF |    17|
+------+-----+------+

Report Instance Areas: 
+------+---------+-------+------+
|      |Instance |Module |Cells |
+------+---------+-------+------+
|1     |top      |       |    96|
+------+---------+-------+------+
---------------------------------------------------------------------------------
Finished Writing Synthesis Report : Time (s): cpu = 00:00:22 ; elapsed = 00:00:42 . Memory (MB): peak = 1328.410 ; gain = 960.703
---------------------------------------------------------------------------------
Synthesis finished with 0 errors, 0 critical warnings and 1 warnings.
Synthesis Optimization Runtime : Time (s): cpu = 00:00:22 ; elapsed = 00:00:42 . Memory (MB): peak = 1328.410 ; gain = 960.703
Synthesis Optimization Complete : Time (s): cpu = 00:00:22 ; elapsed = 00:00:42 . Memory (MB): peak = 1328.410 ; gain = 960.703
INFO: [Project 1-571] Translating synthesized netlist
Netlist sorting complete. Time (s): cpu = 00:00:00 ; elapsed = 00:00:00.001 . Memory (MB): peak = 1343.426 ; gain = 0.000
INFO: [Project 1-570] Preparing netlist for logic optimization
INFO: [Opt 31-138] Pushed 0 inverter(s) to 0 load pin(s).
Netlist sorting complete. Time (s): cpu = 00:00:00 ; elapsed = 00:00:00 . Memory (MB): peak = 1452.566 ; gain = 0.000
INFO: [Project 1-111] Unisim Transformation Summary:
No Unisim elements were transformed.

Synth Design complete | Checksum: 2646deba
INFO: [Common 17-83] Releasing license: Synthesis
18 Infos, 1 Warnings, 0 Critical Warnings and 0 Errors encountered.
synth_design completed successfully
synth_design: Time (s): cpu = 00:00:25 ; elapsed = 00:00:48 . Memory (MB): peak = 1452.566 ; gain = 1087.832
Write ShapeDB Complete: Time (s): cpu = 00:00:00 ; elapsed = 00:00:00.002 . Memory (MB): peak = 1452.566 ; gain = 0.000
INFO: [Common 17-1381] The checkpoint 'C:/Ambu demure/Vivado Projects/16 bit CLA adder/project_1/project_1.runs/synth_1/adder_16bit.dcp' has been generated.
INFO: [Vivado 12-24828] Executing command : report_utilization -file adder_16bit_utilization_synth.rpt -pb adder_16bit_utilization_synth.pb
INFO: [Common 17-206] Exiting Vivado at Sun Dec  7 12:11:52 2025...
