#-----------------------------------------------------------
# Vivado v2024.2 (64-bit)
# SW Build 5239630 on Fri Nov 08 22:35:27 MST 2024
# IP Build 5239520 on Sun Nov 10 16:12:51 MST 2024
# SharedData Build 5239561 on Fri Nov 08 14:39:27 MST 2024
# Start of session at: Wed Mar 11 18:33:45 2026
# Process ID         : 14664
# Current directory  : C:/Users/amblu/Desktop/16 bit CLA adder/project_1
# Command line       : vivado.exe -gui_launcher_event rodinguilauncherevent3212 C:\Users\amblu\Desktop\16 bit CLA adder\project_1\project_1.xpr
# Log file           : C:/Users/amblu/Desktop/16 bit CLA adder/project_1/vivado.log
# Journal file       : C:/Users/amblu/Desktop/16 bit CLA adder/project_1\vivado.jou
# Running On         : Matikanetannhauser
# Platform           : Windows Server 2016 or Windows 10
# Operating System   : 26200
# Processor Detail   : AMD Ryzen 7 7435HS                             
# CPU Frequency      : 3094 MHz
# CPU Physical cores : 8
# CPU Logical cores  : 16
# Host memory        : 16989 MB
# Swap memory        : 5637 MB
# Total Virtual      : 22626 MB
# Available Virtual  : 4452 MB
#-----------------------------------------------------------
start_gui
open_project {C:/Users/amblu/Desktop/16 bit CLA adder/project_1/project_1.xpr}
INFO: [Project 1-313] Project file moved from 'C:/Ambu demure/Vivado Projects/16 bit CLA adder/project_1' since last save.
INFO: [filemgmt 56-3] Default IP Output Path : Could not find the directory 'C:/Users/amblu/Desktop/16 bit CLA adder/project_1/project_1.gen/sources_1'.
Scanning sources...
Finished scanning sources
INFO: [IP_Flow 19-234] Refreshing IP repositories
INFO: [IP_Flow 19-1704] No user IP repositories specified
INFO: [IP_Flow 19-2313] Loaded Vivado IP repository 'C:/Xilinx/Vivado/2024.2/data/ip'.
open_project: Time (s): cpu = 00:00:26 ; elapsed = 00:00:11 . Memory (MB): peak = 1240.594 ; gain = 143.707
update_compile_order -fileset sources_1
exit
INFO: [Common 17-206] Exiting Vivado at Wed Mar 11 18:35:22 2026...
